  [1m[35m (0.2ms)[0m  [1m[34mSELECT sqlite_version(*)[0m
  ↳ bin/rails:9
  [1m[35m (1.9ms)[0m  [1m[35mCREATE TABLE "schema_migrations" ("version" varchar NOT NULL PRIMARY KEY)[0m
  ↳ bin/rails:9
  [1m[35m (1.4ms)[0m  [1m[35mCREATE TABLE "ar_internal_metadata" ("key" varchar NOT NULL PRIMARY KEY, "value" varchar, "created_at" datetime NOT NULL, "updated_at" datetime NOT NULL)[0m
  ↳ bin/rails:9
  [1m[35m (0.3ms)[0m  [1m[34mSELECT "schema_migrations"."version" FROM "schema_migrations" ORDER BY "schema_migrations"."version" ASC[0m
  ↳ bin/rails:9
Migrating to CreateUsers (20181221184626)
  [1m[35m (1.6ms)[0m  [1m[35mCREATE UNIQUE INDEX "index_users_on_username" ON "users" ("username")[0m
  ↳ db/migrate/20181221184626_create_users.rb:11
  [1m[35m (0.8ms)[0m  [1m[35mCREATE UNIQUE INDEX "index_users_on_username" ON "users" ("username")[0m
  ↳ db/migrate/20181221184626_create_users.rb:11
  [1m[35m (0.1ms)[0m  [1m[34mSELECT "schema_migrations"."version" FROM "schema_migrations" ORDER BY "schema_migrations"."version" ASC[0m
  ↳ bin/rails:9
Migrating to CreateUsers (20181221184626)
  [1m[35m (0.1ms)[0m  [1m[36mbegin transaction[0m
  ↳ bin/rails:9
  [1m[35m (0.1ms)[0m  [1m[34mSELECT sqlite_version(*)[0m
  ↳ db/migrate/20181221184626_create_users.rb:3
  [1m[35m (0.4ms)[0m  [1m[35mCREATE TABLE "users" ("id" integer PRIMARY KEY AUTOINCREMENT NOT NULL, "username" varchar NOT NULL, "password_digest" varchar NOT NULL, "session_token" varchar NOT NULL, "created_at" datetime NOT NULL, "updated_at" datetime NOT NULL)[0m
  ↳ db/migrate/20181221184626_create_users.rb:3
  [1m[35m (0.1ms)[0m  [1m[35mCREATE UNIQUE INDEX "index_users_on_username" ON "users" ("username")[0m
  ↳ db/migrate/20181221184626_create_users.rb:10
  [1m[35m (0.1ms)[0m  [1m[35mCREATE UNIQUE INDEX "index_users_on_session_token" ON "users" ("session_token")[0m
  ↳ db/migrate/20181221184626_create_users.rb:11
  [1m[36mActiveRecord::SchemaMigration Create (0.2ms)[0m  [1m[32mINSERT INTO "schema_migrations" ("version") VALUES (?)[0m  [["version", "20181221184626"]]
  ↳ bin/rails:9
  [1m[35m (1.3ms)[0m  [1m[36mcommit transaction[0m
  ↳ bin/rails:9
  [1m[36mActiveRecord::InternalMetadata Load (0.2ms)[0m  [1m[34mSELECT  "ar_internal_metadata".* FROM "ar_internal_metadata" WHERE "ar_internal_metadata"."key" = ? LIMIT ?[0m  [["key", "environment"], ["LIMIT", 1]]
  ↳ bin/rails:9
  [1m[35m (0.1ms)[0m  [1m[36mbegin transaction[0m
  ↳ bin/rails:9
  [1m[36mActiveRecord::InternalMetadata Create (0.3ms)[0m  [1m[32mINSERT INTO "ar_internal_metadata" ("key", "value", "created_at", "updated_at") VALUES (?, ?, ?, ?)[0m  [["key", "environment"], ["value", "development"], ["created_at", "2018-12-21 18:50:12.330310"], ["updated_at", "2018-12-21 18:50:12.330310"]]
  ↳ bin/rails:9
  [1m[35m (1.1ms)[0m  [1m[36mcommit transaction[0m
  ↳ bin/rails:9
  [1m[35m (0.1ms)[0m  [1m[34mSELECT "schema_migrations"."version" FROM "schema_migrations" ORDER BY "schema_migrations"."version" ASC[0m
  ↳ bin/rails:9
Started GET "/" for 127.0.0.1 at 2018-12-21 16:34:45 -0500
  [1m[35m (4.3ms)[0m  [1m[34mSELECT "schema_migrations"."version" FROM "schema_migrations" ORDER BY "schema_migrations"."version" ASC[0m
  ↳ /Users/aa/.rbenv/versions/2.5.1/lib/ruby/gems/2.5.0/gems/activerecord-5.2.2/lib/active_record/log_subscriber.rb:98
Processing by Rails::WelcomeController#index as HTML
  Rendering /Users/aa/.rbenv/versions/2.5.1/lib/ruby/gems/2.5.0/gems/railties-5.2.2/lib/rails/templates/rails/welcome/index.html.erb
  Rendered /Users/aa/.rbenv/versions/2.5.1/lib/ruby/gems/2.5.0/gems/railties-5.2.2/lib/rails/templates/rails/welcome/index.html.erb (3.6ms)
Completed 200 OK in 31ms (Views: 7.3ms | ActiveRecord: 0.0ms)


Started GET "/users/new" for 127.0.0.1 at 2018-12-21 16:34:50 -0500
Processing by UsersController#new as HTML
  Rendering users/new.html.erb within layouts/application
  Rendered users/new.html.erb within layouts/application (0.7ms)
Completed 200 OK in 469ms (Views: 468.7ms | ActiveRecord: 0.0ms)


Started POST "/users" for 127.0.0.1 at 2018-12-21 16:35:05 -0500
Processing by UsersController#create as HTML
  Parameters: {"user"=>{"username"=>"joeuser", "password"=>"[FILTERED]"}}
Can't verify CSRF token authenticity.
Completed 422 Unprocessable Entity in 1ms (ActiveRecord: 0.0ms)



ActionController::InvalidAuthenticityToken - ActionController::InvalidAuthenticityToken:

Started POST "/__better_errors/95b419bd0bb51059/variables" for 127.0.0.1 at 2018-12-21 16:35:05 -0500
Started GET "/users/new" for 127.0.0.1 at 2018-12-21 16:36:21 -0500
Processing by UsersController#new as HTML
  Rendering users/new.html.erb within layouts/application
  Rendered users/new.html.erb within layouts/application (0.9ms)
Completed 200 OK in 57ms (Views: 56.5ms | ActiveRecord: 0.0ms)


Started POST "/users" for 127.0.0.1 at 2018-12-21 16:36:28 -0500
Processing by UsersController#create as HTML
  Parameters: {"authenticity_token"=>"2yDLXmcAXlDhY1YexYnmhnvVQx9yzjgRwYOK/ymC+IGSVpzKO6GG68F7VyhifBLAhUh7cdfQIz6bSGZ0yZmssQ==", "user"=>{"username"=>"joeuser", "password"=>"[FILTERED]"}}
  [1m[35m (0.1ms)[0m  [1m[36mbegin transaction[0m
  ↳ app/controllers/users_controller.rb:9
  [1m[36mUser Exists (18.8ms)[0m  [1m[34mSELECT  1 AS one FROM "users" WHERE "users"."username" = ? LIMIT ?[0m  [["username", "joeuser"], ["LIMIT", 1]]
  ↳ app/controllers/users_controller.rb:9
  [1m[36mUser Exists (0.4ms)[0m  [1m[34mSELECT  1 AS one FROM "users" WHERE "users"."session_token" = ? LIMIT ?[0m  [["session_token", "s6khyShs9rTjMhmMmPvEsw"], ["LIMIT", 1]]
  ↳ app/controllers/users_controller.rb:9
  [1m[36mUser Create (9.2ms)[0m  [1m[32mINSERT INTO "users" ("username", "password_digest", "session_token", "created_at", "updated_at") VALUES (?, ?, ?, ?, ?)[0m  [["username", "joeuser"], ["password_digest", "$2a$10$PLQ4HUThlQObmYK7TBbDr.dTVsFQ2vhq.IHaG5a3gog5YkVHhyxHS"], ["session_token", "s6khyShs9rTjMhmMmPvEsw"], ["created_at", "2018-12-21 21:36:28.382351"], ["updated_at", "2018-12-21 21:36:28.382351"]]
  ↳ app/controllers/users_controller.rb:9
  [1m[35m (1.3ms)[0m  [1m[36mcommit transaction[0m
  ↳ app/controllers/users_controller.rb:9
  [1m[35m (0.1ms)[0m  [1m[36mbegin transaction[0m
  ↳ app/models/user.rb:29
  [1m[36mUser Exists (0.2ms)[0m  [1m[34mSELECT  1 AS one FROM "users" WHERE "users"."username" = ? AND "users"."id" != ? LIMIT ?[0m  [["username", "joeuser"], ["id", 1], ["LIMIT", 1]]
  ↳ app/models/user.rb:29
  [1m[36mUser Exists (0.1ms)[0m  [1m[34mSELECT  1 AS one FROM "users" WHERE "users"."session_token" = ? AND "users"."id" != ? LIMIT ?[0m  [["session_token", "0JYpcLCo3CNt4zgMqBcmuw"], ["id", 1], ["LIMIT", 1]]
  ↳ app/models/user.rb:29
  [1m[36mUser Update (0.3ms)[0m  [1m[33mUPDATE "users" SET "session_token" = ?, "updated_at" = ? WHERE "users"."id" = ?[0m  [["session_token", "0JYpcLCo3CNt4zgMqBcmuw"], ["updated_at", "2018-12-21 21:36:28.397014"], ["id", 1]]
  ↳ app/models/user.rb:29
  [1m[35m (1.2ms)[0m  [1m[36mcommit transaction[0m
  ↳ app/models/user.rb:29
Completed 500 Internal Server Error in 142ms (ActiveRecord: 32.5ms)



ActionController::UrlGenerationError - No route matches {:action=>"show", :controller=>"users"}, missing required keys: [:id]:
  app/controllers/users_controller.rb:11:in `create'

Started POST "/__better_errors/8563b9bb5e2d1051/variables" for 127.0.0.1 at 2018-12-21 16:36:28 -0500
Started POST "/users" for 127.0.0.1 at 2018-12-21 16:36:56 -0500
Processing by UsersController#create as HTML
  Parameters: {"authenticity_token"=>"2yDLXmcAXlDhY1YexYnmhnvVQx9yzjgRwYOK/ymC+IGSVpzKO6GG68F7VyhifBLAhUh7cdfQIz6bSGZ0yZmssQ==", "user"=>{"username"=>"joeuser", "password"=>"[FILTERED]"}}
  [1m[35m (0.1ms)[0m  [1m[36mbegin transaction[0m
  ↳ app/controllers/users_controller.rb:9
  [1m[36mUser Exists (0.2ms)[0m  [1m[34mSELECT  1 AS one FROM "users" WHERE "users"."username" = ? LIMIT ?[0m  [["username", "joeuser"], ["LIMIT", 1]]
  ↳ app/controllers/users_controller.rb:9
  [1m[36mUser Exists (0.1ms)[0m  [1m[34mSELECT  1 AS one FROM "users" WHERE "users"."session_token" = ? LIMIT ?[0m  [["session_token", "pJbFdlPNaVVATtjEY4f3og"], ["LIMIT", 1]]
  ↳ app/controllers/users_controller.rb:9
  [1m[35m (0.1ms)[0m  [1m[31mrollback transaction[0m
  ↳ app/controllers/users_controller.rb:9
  Rendering users/new.html.erb within layouts/application
  Rendered users/new.html.erb within layouts/application (0.6ms)
Completed 200 OK in 139ms (Views: 18.2ms | ActiveRecord: 1.7ms)


Started GET "/users/new" for 127.0.0.1 at 2018-12-21 16:37:05 -0500
Processing by UsersController#new as HTML
  Rendering users/new.html.erb within layouts/application
  Rendered users/new.html.erb within layouts/application (0.8ms)
Completed 200 OK in 12ms (Views: 11.2ms | ActiveRecord: 0.0ms)


Started POST "/users" for 127.0.0.1 at 2018-12-21 16:37:14 -0500
Processing by UsersController#create as HTML
  Parameters: {"authenticity_token"=>"ezVxJ/IN8212u8A3LEzi9WqGlOCE8fba7CnfryL4XzEyQyazrqwr1lajwQGLuRazlBusjiHv7fW24jMkwuMLAQ==", "user"=>{"username"=>"samwise", "password"=>"[FILTERED]"}}
  [1m[35m (0.1ms)[0m  [1m[36mbegin transaction[0m
  ↳ app/controllers/users_controller.rb:9
  [1m[36mUser Exists (0.2ms)[0m  [1m[34mSELECT  1 AS one FROM "users" WHERE "users"."username" = ? LIMIT ?[0m  [["username", "samwise"], ["LIMIT", 1]]
  ↳ app/controllers/users_controller.rb:9
  [1m[36mUser Exists (0.1ms)[0m  [1m[34mSELECT  1 AS one FROM "users" WHERE "users"."session_token" = ? LIMIT ?[0m  [["session_token", "Dlxn0lTgKJ3U5cR051GJFw"], ["LIMIT", 1]]
  ↳ app/controllers/users_controller.rb:9
  [1m[36mUser Create (0.3ms)[0m  [1m[32mINSERT INTO "users" ("username", "password_digest", "session_token", "created_at", "updated_at") VALUES (?, ?, ?, ?, ?)[0m  [["username", "samwise"], ["password_digest", "$2a$10$oBpxuBp/TaZEttMOEt4ip.4y8Vw4lKEPIFvTDrlU9hPhqUVtXrlF6"], ["session_token", "Dlxn0lTgKJ3U5cR051GJFw"], ["created_at", "2018-12-21 21:37:15.037829"], ["updated_at", "2018-12-21 21:37:15.037829"]]
  ↳ app/controllers/users_controller.rb:9
  [1m[35m (1.8ms)[0m  [1m[36mcommit transaction[0m
  ↳ app/controllers/users_controller.rb:9
  [1m[35m (0.1ms)[0m  [1m[36mbegin transaction[0m
  ↳ app/models/user.rb:29
  [1m[36mUser Exists (0.1ms)[0m  [1m[34mSELECT  1 AS one FROM "users" WHERE "users"."username" = ? AND "users"."id" != ? LIMIT ?[0m  [["username", "samwise"], ["id", 2], ["LIMIT", 1]]
  ↳ app/models/user.rb:29
  [1m[36mUser Exists (0.1ms)[0m  [1m[34mSELECT  1 AS one FROM "users" WHERE "users"."session_token" = ? AND "users"."id" != ? LIMIT ?[0m  [["session_token", "5wywYqQ5chQmTg8tU3jzrA"], ["id", 2], ["LIMIT", 1]]
  ↳ app/models/user.rb:29
  [1m[36mUser Update (0.2ms)[0m  [1m[33mUPDATE "users" SET "session_token" = ?, "updated_at" = ? WHERE "users"."id" = ?[0m  [["session_token", "5wywYqQ5chQmTg8tU3jzrA"], ["updated_at", "2018-12-21 21:37:15.043781"], ["id", 2]]
  ↳ app/models/user.rb:29
  [1m[35m (1.1ms)[0m  [1m[36mcommit transaction[0m
  ↳ app/models/user.rb:29
Redirected to http://localhost:3000/users/2
Completed 302 Found in 100ms (ActiveRecord: 4.1ms)


Started GET "/users/2" for 127.0.0.1 at 2018-12-21 16:37:15 -0500
Processing by UsersController#show as HTML
  Parameters: {"id"=>"2"}
  Rendering users/show.html.erb within layouts/application
  Rendered users/show.html.erb within layouts/application (65.1ms)
Completed 500 Internal Server Error in 90ms (ActiveRecord: 0.0ms)



NoMethodError - undefined method `username' for nil:NilClass:
  app/views/users/show.html.erb:1:in `_app_views_users_show_html_erb___641662938430007178_70112967990640'
  app/controllers/users_controller.rb:19:in `show'

Started POST "/__better_errors/00a99081a5af25f1/variables" for 127.0.0.1 at 2018-12-21 16:37:15 -0500
Started GET "/users/2" for 127.0.0.1 at 2018-12-21 16:40:48 -0500
Processing by UsersController#show as HTML
  Parameters: {"id"=>"2"}
  [1m[36mUser Load (0.1ms)[0m  [1m[34mSELECT  "users".* FROM "users" WHERE "users"."id" = ? LIMIT ?[0m  [["id", 2], ["LIMIT", 1]]
  ↳ app/controllers/users_controller.rb:19
  Rendering users/show.html.erb within layouts/application
  Rendered users/show.html.erb within layouts/application (0.6ms)
Completed 200 OK in 125ms (Views: 61.3ms | ActiveRecord: 0.6ms)


Started GET "/session/new" for 127.0.0.1 at 2018-12-21 17:06:41 -0500
Processing by SessionsController#new as HTML
  Rendering sessions/new.html.erb within layouts/application
  Rendered sessions/new.html.erb within layouts/application (0.9ms)
Completed 200 OK in 191ms (Views: 124.7ms | ActiveRecord: 1.9ms)


Started POST "/session" for 127.0.0.1 at 2018-12-21 17:07:14 -0500
Processing by SessionsController#create as HTML
  Parameters: {"authenticity_token"=>"mxm1JFJctQw3CJQiqDm6u4AlilfAzeZ9C7Q3zQ+Xm/3Sb+KwDv1ttxcQlRQPzE79friyOWXT/VJRf9tG74zPzQ==", "user"=>{"username"=>"JarJarBinks", "password"=>"[FILTERED]"}}
Completed 500 Internal Server Error in 2ms (ActiveRecord: 0.0ms)



TypeError - no implicit conversion of Symbol into Integer:
  app/controllers/sessions_controller.rb:9:in `create'

Started POST "/__better_errors/89a9a0bd4ed74f4d/variables" for 127.0.0.1 at 2018-12-21 17:07:14 -0500
Started POST "/session" for 127.0.0.1 at 2018-12-21 17:08:38 -0500
Processing by SessionsController#create as HTML
  Parameters: {"authenticity_token"=>"mxm1JFJctQw3CJQiqDm6u4AlilfAzeZ9C7Q3zQ+Xm/3Sb+KwDv1ttxcQlRQPzE79friyOWXT/VJRf9tG74zPzQ==", "user"=>{"username"=>"JarJarBinks", "password"=>"[FILTERED]"}}
Completed 500 Internal Server Error in 1ms (ActiveRecord: 0.0ms)



TypeError - no implicit conversion of Symbol into Integer:
  app/controllers/sessions_controller.rb:9:in `create'

Started POST "/__better_errors/6e8d82eb9c9b93e6/variables" for 127.0.0.1 at 2018-12-21 17:08:38 -0500
Started POST "/session" for 127.0.0.1 at 2018-12-21 17:15:07 -0500
Processing by SessionsController#create as HTML
  Parameters: {"authenticity_token"=>"mxm1JFJctQw3CJQiqDm6u4AlilfAzeZ9C7Q3zQ+Xm/3Sb+KwDv1ttxcQlRQPzE79friyOWXT/VJRf9tG74zPzQ==", "user"=>{"username"=>"JarJarBinks", "password"=>"[FILTERED]"}}
  [1m[36mUser Load (21.1ms)[0m  [1m[34mSELECT  "users".* FROM "users" WHERE "users"."username" = ? LIMIT ?[0m  [["username", "JarJarBinks"], ["LIMIT", 1]]
  ↳ app/models/user.rb:11
  Rendering sessions/new.html.erb within layouts/application
  Rendered sessions/new.html.erb within layouts/application (0.6ms)
Completed 200 OK in 33ms (Views: 7.4ms | ActiveRecord: 21.4ms)


Started GET "/users/new" for 127.0.0.1 at 2018-12-21 17:16:49 -0500
Processing by UsersController#new as HTML
  Rendering users/new.html.erb within layouts/application
  Rendered users/new.html.erb within layouts/application (0.8ms)
Completed 200 OK in 12ms (Views: 9.6ms | ActiveRecord: 0.0ms)


Started POST "/users" for 127.0.0.1 at 2018-12-21 17:16:54 -0500
Processing by UsersController#create as HTML
  Parameters: {"authenticity_token"=>"lzcTuorpR/cn9zSRZIRzgp0dCXINO81RKj67HzTkP4jeQUQu1kifTAfvNafDcYfEY4AxHKgl1n5w9VeU1P9ruA==", "user"=>{"username"=>"david", "password"=>"[FILTERED]"}}
  [1m[35m (0.1ms)[0m  [1m[36mbegin transaction[0m
  ↳ app/controllers/users_controller.rb:9
  [1m[36mUser Exists (0.2ms)[0m  [1m[34mSELECT  1 AS one FROM "users" WHERE "users"."username" = ? LIMIT ?[0m  [["username", "david"], ["LIMIT", 1]]
  ↳ app/controllers/users_controller.rb:9
  [1m[36mUser Exists (12.3ms)[0m  [1m[34mSELECT  1 AS one FROM "users" WHERE "users"."session_token" = ? LIMIT ?[0m  [["session_token", "wiqqq_4gQrFRz_KX7Vp-Ew"], ["LIMIT", 1]]
  ↳ app/controllers/users_controller.rb:9
  [1m[36mUser Create (0.7ms)[0m  [1m[32mINSERT INTO "users" ("username", "password_digest", "session_token", "created_at", "updated_at") VALUES (?, ?, ?, ?, ?)[0m  [["username", "david"], ["password_digest", "$2a$10$C/TT3dWRTVWndcnbI7TFYOdAl8FHuWZiL2Tye4rgnnkfWK8HITNca"], ["session_token", "wiqqq_4gQrFRz_KX7Vp-Ew"], ["created_at", "2018-12-21 22:16:54.432728"], ["updated_at", "2018-12-21 22:16:54.432728"]]
  ↳ app/controllers/users_controller.rb:9
  [1m[35m (1.5ms)[0m  [1m[36mcommit transaction[0m
  ↳ app/controllers/users_controller.rb:9
  [1m[35m (0.1ms)[0m  [1m[36mbegin transaction[0m
  ↳ app/models/user.rb:29
  [1m[36mUser Exists (0.1ms)[0m  [1m[34mSELECT  1 AS one FROM "users" WHERE "users"."username" = ? AND "users"."id" != ? LIMIT ?[0m  [["username", "david"], ["id", 3], ["LIMIT", 1]]
  ↳ app/models/user.rb:29
  [1m[36mUser Exists (0.1ms)[0m  [1m[34mSELECT  1 AS one FROM "users" WHERE "users"."session_token" = ? AND "users"."id" != ? LIMIT ?[0m  [["session_token", "H9GOMUEjurP7fWL3Mr_XbA"], ["id", 3], ["LIMIT", 1]]
  ↳ app/models/user.rb:29
  [1m[36mUser Update (0.2ms)[0m  [1m[33mUPDATE "users" SET "session_token" = ?, "updated_at" = ? WHERE "users"."id" = ?[0m  [["session_token", "H9GOMUEjurP7fWL3Mr_XbA"], ["updated_at", "2018-12-21 22:16:54.439191"], ["id", 3]]
  ↳ app/models/user.rb:29
  [1m[35m (27.2ms)[0m  [1m[36mcommit transaction[0m
  ↳ app/models/user.rb:29
Redirected to http://localhost:3000/users/3
Completed 302 Found in 156ms (ActiveRecord: 43.1ms)


Started GET "/users/3" for 127.0.0.1 at 2018-12-21 17:16:54 -0500
Processing by UsersController#show as HTML
  Parameters: {"id"=>"3"}
  [1m[36mUser Load (0.2ms)[0m  [1m[34mSELECT  "users".* FROM "users" WHERE "users"."id" = ? LIMIT ?[0m  [["id", 3], ["LIMIT", 1]]
  ↳ app/controllers/users_controller.rb:19
  Rendering users/show.html.erb within layouts/application
  Rendered users/show.html.erb within layouts/application (0.4ms)
Completed 200 OK in 9ms (Views: 6.8ms | ActiveRecord: 0.2ms)


Started GET "/session/new" for 127.0.0.1 at 2018-12-21 17:17:01 -0500
Processing by SessionsController#new as HTML
  Rendering sessions/new.html.erb within layouts/application
  Rendered sessions/new.html.erb within layouts/application (0.7ms)
Completed 200 OK in 13ms (Views: 12.2ms | ActiveRecord: 0.0ms)


Started POST "/session" for 127.0.0.1 at 2018-12-21 17:17:07 -0500
Processing by SessionsController#create as HTML
  Parameters: {"authenticity_token"=>"G7lAMlHAd4Ld2/QAgQWURSvnRX/deXrHd8sTGmFI82JSzxemDWGvOf3D9TYm8GAD1Xp9EXhnYegtAP+RgVOnUg==", "user"=>{"username"=>"david", "password"=>"[FILTERED]"}}
  [1m[36mUser Load (0.7ms)[0m  [1m[34mSELECT  "users".* FROM "users" WHERE "users"."username" = ? LIMIT ?[0m  [["username", "david"], ["LIMIT", 1]]
  ↳ app/models/user.rb:11
  [1m[35m (0.1ms)[0m  [1m[36mbegin transaction[0m
  ↳ app/models/user.rb:29
  [1m[36mUser Exists (0.1ms)[0m  [1m[34mSELECT  1 AS one FROM "users" WHERE "users"."username" = ? AND "users"."id" != ? LIMIT ?[0m  [["username", "david"], ["id", 3], ["LIMIT", 1]]
  ↳ app/models/user.rb:29
  [1m[36mUser Exists (0.1ms)[0m  [1m[34mSELECT  1 AS one FROM "users" WHERE "users"."session_token" = ? AND "users"."id" != ? LIMIT ?[0m  [["session_token", "GyBapZr_cBO9A9RIgWqgPg"], ["id", 3], ["LIMIT", 1]]
  ↳ app/models/user.rb:29
  [1m[36mUser Update (0.3ms)[0m  [1m[33mUPDATE "users" SET "session_token" = ?, "updated_at" = ? WHERE "users"."id" = ?[0m  [["session_token", "GyBapZr_cBO9A9RIgWqgPg"], ["updated_at", "2018-12-21 22:17:07.782279"], ["id", 3]]
  ↳ app/models/user.rb:29
  [1m[35m (18.0ms)[0m  [1m[36mcommit transaction[0m
  ↳ app/models/user.rb:29
Completed 500 Internal Server Error in 114ms (ActiveRecord: 19.3ms)



ActionController::UrlGenerationError - No route matches {:action=>"show", :controller=>"users"}, missing required keys: [:id]:
  app/controllers/sessions_controller.rb:14:in `create'

Started POST "/__better_errors/2b71142af7289193/variables" for 127.0.0.1 at 2018-12-21 17:17:07 -0500
Started POST "/session" for 127.0.0.1 at 2018-12-21 17:17:20 -0500
Processing by SessionsController#create as HTML
  Parameters: {"authenticity_token"=>"G7lAMlHAd4Ld2/QAgQWURSvnRX/deXrHd8sTGmFI82JSzxemDWGvOf3D9TYm8GAD1Xp9EXhnYegtAP+RgVOnUg==", "user"=>{"username"=>"david", "password"=>"[FILTERED]"}}
  [1m[36mUser Load (0.1ms)[0m  [1m[34mSELECT  "users".* FROM "users" WHERE "users"."username" = ? LIMIT ?[0m  [["username", "david"], ["LIMIT", 1]]
  ↳ app/models/user.rb:11
  [1m[35m (0.1ms)[0m  [1m[36mbegin transaction[0m
  ↳ app/models/user.rb:29
  [1m[36mUser Exists (0.2ms)[0m  [1m[34mSELECT  1 AS one FROM "users" WHERE "users"."username" = ? AND "users"."id" != ? LIMIT ?[0m  [["username", "david"], ["id", 3], ["LIMIT", 1]]
  ↳ app/models/user.rb:29
  [1m[36mUser Exists (0.1ms)[0m  [1m[34mSELECT  1 AS one FROM "users" WHERE "users"."session_token" = ? AND "users"."id" != ? LIMIT ?[0m  [["session_token", "K9eZBpfrkYcoWOQHQfl_Bw"], ["id", 3], ["LIMIT", 1]]
  ↳ app/models/user.rb:29
  [1m[36mUser Update (0.3ms)[0m  [1m[33mUPDATE "users" SET "session_token" = ?, "updated_at" = ? WHERE "users"."id" = ?[0m  [["session_token", "K9eZBpfrkYcoWOQHQfl_Bw"], ["updated_at", "2018-12-21 22:17:20.627427"], ["id", 3]]
  ↳ app/models/user.rb:29
  [1m[35m (1.4ms)[0m  [1m[36mcommit transaction[0m
  ↳ app/models/user.rb:29
Redirected to http://localhost:3000/users/3
Completed 302 Found in 105ms (ActiveRecord: 2.7ms)


Started GET "/users/3" for 127.0.0.1 at 2018-12-21 17:17:20 -0500
Processing by UsersController#show as HTML
  Parameters: {"id"=>"3"}
  [1m[36mUser Load (0.2ms)[0m  [1m[34mSELECT  "users".* FROM "users" WHERE "users"."id" = ? LIMIT ?[0m  [["id", 3], ["LIMIT", 1]]
  ↳ app/controllers/users_controller.rb:19
  Rendering users/show.html.erb within layouts/application
  Rendered users/show.html.erb within layouts/application (0.6ms)
Completed 200 OK in 11ms (Views: 8.2ms | ActiveRecord: 0.2ms)


Started GET "/users/3" for 127.0.0.1 at 2018-12-21 17:18:41 -0500
Processing by UsersController#show as HTML
  Parameters: {"id"=>"3"}
  [1m[36mUser Load (0.1ms)[0m  [1m[34mSELECT  "users".* FROM "users" WHERE "users"."id" = ? LIMIT ?[0m  [["id", 3], ["LIMIT", 1]]
  ↳ app/controllers/users_controller.rb:19
  Rendering users/show.html.erb within layouts/application
  Rendered users/show.html.erb within layouts/application (0.5ms)
Completed 200 OK in 16ms (Views: 6.8ms | ActiveRecord: 0.7ms)


Started GET "/session/new" for 127.0.0.1 at 2018-12-21 17:18:50 -0500
Processing by SessionsController#new as HTML
  Rendering sessions/new.html.erb within layouts/application
  Rendered sessions/new.html.erb within layouts/application (1.4ms)
Completed 200 OK in 15ms (Views: 14.1ms | ActiveRecord: 0.0ms)


Started POST "/session" for 127.0.0.1 at 2018-12-21 17:19:08 -0500
Processing by SessionsController#create as HTML
  Parameters: {"authenticity_token"=>"7yeekv5GxOnpqj5ZhwSjqU3aXTq4yt6z0/UZw+JwMtimUckGouccUsmyP28g8Vfvs0dlVB3UxZyJPvVIAmtm6A==", "user"=>{"username"=>"david", "password"=>"[FILTERED]"}}
  [1m[36mUser Load (0.4ms)[0m  [1m[34mSELECT  "users".* FROM "users" WHERE "users"."username" = ? LIMIT ?[0m  [["username", "david"], ["LIMIT", 1]]
  ↳ app/models/user.rb:11
  [1m[35m (0.1ms)[0m  [1m[36mbegin transaction[0m
  ↳ app/models/user.rb:29
  [1m[36mUser Exists (0.2ms)[0m  [1m[34mSELECT  1 AS one FROM "users" WHERE "users"."username" = ? AND "users"."id" != ? LIMIT ?[0m  [["username", "david"], ["id", 3], ["LIMIT", 1]]
  ↳ app/models/user.rb:29
  [1m[36mUser Exists (0.2ms)[0m  [1m[34mSELECT  1 AS one FROM "users" WHERE "users"."session_token" = ? AND "users"."id" != ? LIMIT ?[0m  [["session_token", "AHobdRbqXSqqCVz277NNbg"], ["id", 3], ["LIMIT", 1]]
  ↳ app/models/user.rb:29
  [1m[36mUser Update (0.2ms)[0m  [1m[33mUPDATE "users" SET "session_token" = ?, "updated_at" = ? WHERE "users"."id" = ?[0m  [["session_token", "AHobdRbqXSqqCVz277NNbg"], ["updated_at", "2018-12-21 22:19:08.756408"], ["id", 3]]
  ↳ app/models/user.rb:29
  [1m[35m (1.4ms)[0m  [1m[36mcommit transaction[0m
  ↳ app/models/user.rb:29
Redirected to http://localhost:3000/users/3
Completed 302 Found in 99ms (ActiveRecord: 3.2ms)


Started GET "/users/3" for 127.0.0.1 at 2018-12-21 17:19:08 -0500
Processing by UsersController#show as HTML
  Parameters: {"id"=>"3"}
  [1m[36mUser Load (0.2ms)[0m  [1m[34mSELECT  "users".* FROM "users" WHERE "users"."id" = ? LIMIT ?[0m  [["id", 3], ["LIMIT", 1]]
  ↳ app/controllers/users_controller.rb:19
  Rendering users/show.html.erb within layouts/application
  Rendered users/show.html.erb within layouts/application (0.4ms)
Completed 200 OK in 9ms (Views: 6.5ms | ActiveRecord: 0.2ms)


Started POST "/session" for 127.0.0.1 at 2018-12-21 17:19:19 -0500
Processing by SessionsController#create as HTML
  Parameters: {"authenticity_token"=>"7yeekv5GxOnpqj5ZhwSjqU3aXTq4yt6z0/UZw+JwMtimUckGouccUsmyP28g8Vfvs0dlVB3UxZyJPvVIAmtm6A==", "user"=>{"username"=>"davidiscool", "password"=>"[FILTERED]"}}
  [1m[36mUser Load (0.7ms)[0m  [1m[34mSELECT  "users".* FROM "users" WHERE "users"."username" = ? LIMIT ?[0m  [["username", "davidiscool"], ["LIMIT", 1]]
  ↳ app/models/user.rb:11
  Rendering sessions/new.html.erb within layouts/application
  Rendered sessions/new.html.erb within layouts/application (1.0ms)
Completed 200 OK in 17ms (Views: 11.9ms | ActiveRecord: 0.7ms)


Started POST "/session" for 127.0.0.1 at 2018-12-21 17:19:50 -0500
Processing by SessionsController#create as HTML
  Parameters: {"authenticity_token"=>"7yeekv5GxOnpqj5ZhwSjqU3aXTq4yt6z0/UZw+JwMtimUckGouccUsmyP28g8Vfvs0dlVB3UxZyJPvVIAmtm6A==", "user"=>{"username"=>"david", "password"=>"[FILTERED]"}}
  [1m[36mUser Load (0.2ms)[0m  [1m[34mSELECT  "users".* FROM "users" WHERE "users"."username" = ? LIMIT ?[0m  [["username", "david"], ["LIMIT", 1]]
  ↳ app/models/user.rb:11
  [1m[35m (0.2ms)[0m  [1m[36mbegin transaction[0m
  ↳ app/models/user.rb:29
  [1m[36mUser Exists (0.2ms)[0m  [1m[34mSELECT  1 AS one FROM "users" WHERE "users"."username" = ? AND "users"."id" != ? LIMIT ?[0m  [["username", "david"], ["id", 3], ["LIMIT", 1]]
  ↳ app/models/user.rb:29
  [1m[36mUser Exists (0.1ms)[0m  [1m[34mSELECT  1 AS one FROM "users" WHERE "users"."session_token" = ? AND "users"."id" != ? LIMIT ?[0m  [["session_token", "M9A3NSkEL_Tj3RmwWM45vg"], ["id", 3], ["LIMIT", 1]]
  ↳ app/models/user.rb:29
  [1m[36mUser Update (0.2ms)[0m  [1m[33mUPDATE "users" SET "session_token" = ?, "updated_at" = ? WHERE "users"."id" = ?[0m  [["session_token", "M9A3NSkEL_Tj3RmwWM45vg"], ["updated_at", "2018-12-21 22:19:50.911772"], ["id", 3]]
  ↳ app/models/user.rb:29
  [1m[35m (1.6ms)[0m  [1m[36mcommit transaction[0m
  ↳ app/models/user.rb:29
Redirected to http://localhost:3000/users/3
Completed 302 Found in 93ms (ActiveRecord: 2.5ms)


Started GET "/users/3" for 127.0.0.1 at 2018-12-21 17:19:50 -0500
Processing by UsersController#show as HTML
  Parameters: {"id"=>"3"}
  [1m[36mUser Load (0.1ms)[0m  [1m[34mSELECT  "users".* FROM "users" WHERE "users"."id" = ? LIMIT ?[0m  [["id", 3], ["LIMIT", 1]]
  ↳ app/controllers/users_controller.rb:19
  Rendering users/show.html.erb within layouts/application
  Rendered users/show.html.erb within layouts/application (0.5ms)
Completed 200 OK in 8ms (Views: 6.8ms | ActiveRecord: 0.1ms)


Started GET "/users/new" for 127.0.0.1 at 2018-12-21 17:21:49 -0500
Processing by UsersController#new as HTML
  Rendering users/new.html.erb within layouts/application
  Rendered users/new.html.erb within layouts/application (1.2ms)
Completed 200 OK in 17ms (Views: 15.8ms | ActiveRecord: 0.0ms)


Started POST "/users" for 127.0.0.1 at 2018-12-21 17:22:00 -0500
Processing by UsersController#create as HTML
  Parameters: {"authenticity_token"=>"/KcB01tp69+rOvWSjNBjCYXS2I0Wzm9EFJACyxXDtGS10VZHB8gzZIsi9KQrJZdPe0/g47PQdGtOW+5A9djgVA==", "user"=>{"username"=>"Joe", "password"=>"[FILTERED]"}}
  [1m[35m (0.1ms)[0m  [1m[36mbegin transaction[0m
  ↳ app/controllers/users_controller.rb:9
  [1m[36mUser Exists (0.1ms)[0m  [1m[34mSELECT  1 AS one FROM "users" WHERE "users"."username" = ? LIMIT ?[0m  [["username", "Joe"], ["LIMIT", 1]]
  ↳ app/controllers/users_controller.rb:9
  [1m[36mUser Exists (0.1ms)[0m  [1m[34mSELECT  1 AS one FROM "users" WHERE "users"."session_token" = ? LIMIT ?[0m  [["session_token", "MwPRWNkyaaVaZW5GZ1as8g"], ["LIMIT", 1]]
  ↳ app/controllers/users_controller.rb:9
  [1m[36mUser Create (0.3ms)[0m  [1m[32mINSERT INTO "users" ("username", "password_digest", "session_token", "created_at", "updated_at") VALUES (?, ?, ?, ?, ?)[0m  [["username", "Joe"], ["password_digest", "$2a$10$EdUdrZ2KhgTkmeeuHF4HQeBnOV21/qDgyG.cL8qrFGacjZRCxn91C"], ["session_token", "MwPRWNkyaaVaZW5GZ1as8g"], ["created_at", "2018-12-21 22:22:00.821308"], ["updated_at", "2018-12-21 22:22:00.821308"]]
  ↳ app/controllers/users_controller.rb:9
  [1m[35m (9.1ms)[0m  [1m[36mcommit transaction[0m
  ↳ app/controllers/users_controller.rb:9
  [1m[35m (0.1ms)[0m  [1m[36mbegin transaction[0m
  ↳ app/models/user.rb:29
  [1m[36mUser Exists (0.6ms)[0m  [1m[34mSELECT  1 AS one FROM "users" WHERE "users"."username" = ? AND "users"."id" != ? LIMIT ?[0m  [["username", "Joe"], ["id", 4], ["LIMIT", 1]]
  ↳ app/models/user.rb:29
  [1m[36mUser Exists (0.1ms)[0m  [1m[34mSELECT  1 AS one FROM "users" WHERE "users"."session_token" = ? AND "users"."id" != ? LIMIT ?[0m  [["session_token", "F3r21n6xdkm0iB2F5Yojow"], ["id", 4], ["LIMIT", 1]]
  ↳ app/models/user.rb:29
  [1m[36mUser Update (0.3ms)[0m  [1m[33mUPDATE "users" SET "session_token" = ?, "updated_at" = ? WHERE "users"."id" = ?[0m  [["session_token", "F3r21n6xdkm0iB2F5Yojow"], ["updated_at", "2018-12-21 22:22:00.836303"], ["id", 4]]
  ↳ app/models/user.rb:29
  [1m[35m (3.0ms)[0m  [1m[36mcommit transaction[0m
  ↳ app/models/user.rb:29
Redirected to http://localhost:3000/users/4
Completed 302 Found in 110ms (ActiveRecord: 13.8ms)


Started GET "/users/4" for 127.0.0.1 at 2018-12-21 17:22:00 -0500
Processing by UsersController#show as HTML
  Parameters: {"id"=>"4"}
  [1m[36mUser Load (0.3ms)[0m  [1m[34mSELECT  "users".* FROM "users" WHERE "users"."id" = ? LIMIT ?[0m  [["id", 4], ["LIMIT", 1]]
  ↳ app/controllers/users_controller.rb:19
  Rendering users/show.html.erb within layouts/application
  Rendered users/show.html.erb within layouts/application (0.4ms)
Completed 200 OK in 9ms (Views: 6.8ms | ActiveRecord: 0.3ms)


Started GET "/user" for 127.0.0.1 at 2018-12-21 17:27:43 -0500
  
ActionController::RoutingError (No route matches [GET] "/user"):
  
actionpack (5.2.2) lib/action_dispatch/middleware/debug_exceptions.rb:65:in `call'
web-console (3.7.0) lib/web_console/middleware.rb:135:in `call_app'
web-console (3.7.0) lib/web_console/middleware.rb:30:in `block in call'
web-console (3.7.0) lib/web_console/middleware.rb:20:in `catch'
web-console (3.7.0) lib/web_console/middleware.rb:20:in `call'
actionpack (5.2.2) lib/action_dispatch/middleware/show_exceptions.rb:33:in `call'
railties (5.2.2) lib/rails/rack/logger.rb:38:in `call_app'
railties (5.2.2) lib/rails/rack/logger.rb:26:in `block in call'
activesupport (5.2.2) lib/active_support/tagged_logging.rb:71:in `block in tagged'
activesupport (5.2.2) lib/active_support/tagged_logging.rb:28:in `tagged'
activesupport (5.2.2) lib/active_support/tagged_logging.rb:71:in `tagged'
railties (5.2.2) lib/rails/rack/logger.rb:26:in `call'
sprockets-rails (3.2.1) lib/sprockets/rails/quiet_assets.rb:13:in `call'
actionpack (5.2.2) lib/action_dispatch/middleware/remote_ip.rb:81:in `call'
actionpack (5.2.2) lib/action_dispatch/middleware/request_id.rb:27:in `call'
rack (2.0.6) lib/rack/method_override.rb:22:in `call'
rack (2.0.6) lib/rack/runtime.rb:22:in `call'
activesupport (5.2.2) lib/active_support/cache/strategy/local_cache_middleware.rb:29:in `call'
actionpack (5.2.2) lib/action_dispatch/middleware/executor.rb:14:in `call'
actionpack (5.2.2) lib/action_dispatch/middleware/static.rb:127:in `call'
rack (2.0.6) lib/rack/sendfile.rb:111:in `call'
railties (5.2.2) lib/rails/engine.rb:524:in `call'
puma (3.12.0) lib/puma/configuration.rb:225:in `call'
puma (3.12.0) lib/puma/server.rb:658:in `handle_request'
puma (3.12.0) lib/puma/server.rb:472:in `process_client'
puma (3.12.0) lib/puma/server.rb:332:in `block in run'
puma (3.12.0) lib/puma/thread_pool.rb:133:in `block in spawn_thread'
Started GET "/users/new" for 127.0.0.1 at 2018-12-21 17:27:49 -0500
Processing by UsersController#new as HTML
  Rendering users/new.html.erb within layouts/application
  Rendered users/new.html.erb within layouts/application (0.8ms)
Completed 200 OK in 20ms (Views: 18.2ms | ActiveRecord: 0.0ms)


Started GET "/users/" for 127.0.0.1 at 2018-12-21 17:27:52 -0500
  
ActionController::RoutingError (No route matches [GET] "/users"):
  
actionpack (5.2.2) lib/action_dispatch/middleware/debug_exceptions.rb:65:in `call'
web-console (3.7.0) lib/web_console/middleware.rb:135:in `call_app'
web-console (3.7.0) lib/web_console/middleware.rb:30:in `block in call'
web-console (3.7.0) lib/web_console/middleware.rb:20:in `catch'
web-console (3.7.0) lib/web_console/middleware.rb:20:in `call'
actionpack (5.2.2) lib/action_dispatch/middleware/show_exceptions.rb:33:in `call'
railties (5.2.2) lib/rails/rack/logger.rb:38:in `call_app'
railties (5.2.2) lib/rails/rack/logger.rb:26:in `block in call'
activesupport (5.2.2) lib/active_support/tagged_logging.rb:71:in `block in tagged'
activesupport (5.2.2) lib/active_support/tagged_logging.rb:28:in `tagged'
activesupport (5.2.2) lib/active_support/tagged_logging.rb:71:in `tagged'
railties (5.2.2) lib/rails/rack/logger.rb:26:in `call'
sprockets-rails (3.2.1) lib/sprockets/rails/quiet_assets.rb:13:in `call'
actionpack (5.2.2) lib/action_dispatch/middleware/remote_ip.rb:81:in `call'
actionpack (5.2.2) lib/action_dispatch/middleware/request_id.rb:27:in `call'
rack (2.0.6) lib/rack/method_override.rb:22:in `call'
rack (2.0.6) lib/rack/runtime.rb:22:in `call'
activesupport (5.2.2) lib/active_support/cache/strategy/local_cache_middleware.rb:29:in `call'
actionpack (5.2.2) lib/action_dispatch/middleware/executor.rb:14:in `call'
actionpack (5.2.2) lib/action_dispatch/middleware/static.rb:127:in `call'
rack (2.0.6) lib/rack/sendfile.rb:111:in `call'
railties (5.2.2) lib/rails/engine.rb:524:in `call'
puma (3.12.0) lib/puma/configuration.rb:225:in `call'
puma (3.12.0) lib/puma/server.rb:658:in `handle_request'
puma (3.12.0) lib/puma/server.rb:472:in `process_client'
puma (3.12.0) lib/puma/server.rb:332:in `block in run'
puma (3.12.0) lib/puma/thread_pool.rb:133:in `block in spawn_thread'
Started GET "/users/0" for 127.0.0.1 at 2018-12-21 17:28:20 -0500
Processing by UsersController#show as HTML
  Parameters: {"id"=>"0"}
  [1m[36mUser Load (0.2ms)[0m  [1m[34mSELECT  "users".* FROM "users" WHERE "users"."id" = ? LIMIT ?[0m  [["id", 0], ["LIMIT", 1]]
  ↳ app/controllers/users_controller.rb:19
Completed 404 Not Found in 3ms (ActiveRecord: 0.2ms)



ActiveRecord::RecordNotFound - Couldn't find User with 'id'=0:
  app/controllers/users_controller.rb:19:in `show'

Started POST "/__better_errors/19faf58aabb33108/variables" for 127.0.0.1 at 2018-12-21 17:28:20 -0500
Started GET "/" for 127.0.0.1 at 2018-12-21 17:31:52 -0500
Processing by Rails::WelcomeController#index as HTML
  Rendering /Users/aa/.rbenv/versions/2.5.1/lib/ruby/gems/2.5.0/gems/railties-5.2.2/lib/rails/templates/rails/welcome/index.html.erb
  Rendered /Users/aa/.rbenv/versions/2.5.1/lib/ruby/gems/2.5.0/gems/railties-5.2.2/lib/rails/templates/rails/welcome/index.html.erb (5.5ms)
Completed 200 OK in 558ms (Views: 9.8ms | ActiveRecord: 0.0ms)


Started GET "/users/" for 127.0.0.1 at 2018-12-21 17:32:01 -0500
  
ActionController::RoutingError (No route matches [GET] "/users"):
  
actionpack (5.2.2) lib/action_dispatch/middleware/debug_exceptions.rb:65:in `call'
web-console (3.7.0) lib/web_console/middleware.rb:135:in `call_app'
web-console (3.7.0) lib/web_console/middleware.rb:30:in `block in call'
web-console (3.7.0) lib/web_console/middleware.rb:20:in `catch'
web-console (3.7.0) lib/web_console/middleware.rb:20:in `call'
actionpack (5.2.2) lib/action_dispatch/middleware/show_exceptions.rb:33:in `call'
railties (5.2.2) lib/rails/rack/logger.rb:38:in `call_app'
railties (5.2.2) lib/rails/rack/logger.rb:26:in `block in call'
activesupport (5.2.2) lib/active_support/tagged_logging.rb:71:in `block in tagged'
activesupport (5.2.2) lib/active_support/tagged_logging.rb:28:in `tagged'
activesupport (5.2.2) lib/active_support/tagged_logging.rb:71:in `tagged'
railties (5.2.2) lib/rails/rack/logger.rb:26:in `call'
sprockets-rails (3.2.1) lib/sprockets/rails/quiet_assets.rb:13:in `call'
actionpack (5.2.2) lib/action_dispatch/middleware/remote_ip.rb:81:in `call'
actionpack (5.2.2) lib/action_dispatch/middleware/request_id.rb:27:in `call'
rack (2.0.6) lib/rack/method_override.rb:22:in `call'
rack (2.0.6) lib/rack/runtime.rb:22:in `call'
activesupport (5.2.2) lib/active_support/cache/strategy/local_cache_middleware.rb:29:in `call'
actionpack (5.2.2) lib/action_dispatch/middleware/executor.rb:14:in `call'
actionpack (5.2.2) lib/action_dispatch/middleware/static.rb:127:in `call'
rack (2.0.6) lib/rack/sendfile.rb:111:in `call'
railties (5.2.2) lib/rails/engine.rb:524:in `call'
puma (3.12.0) lib/puma/configuration.rb:225:in `call'
puma (3.12.0) lib/puma/server.rb:658:in `handle_request'
puma (3.12.0) lib/puma/server.rb:472:in `process_client'
puma (3.12.0) lib/puma/server.rb:332:in `block in run'
puma (3.12.0) lib/puma/thread_pool.rb:133:in `block in spawn_thread'
Started GET "/users/7" for 127.0.0.1 at 2018-12-21 17:32:05 -0500
Processing by UsersController#show as HTML
  Parameters: {"id"=>"7"}
  [1m[36mUser Load (0.2ms)[0m  [1m[34mSELECT  "users".* FROM "users" WHERE "users"."id" = ? LIMIT ?[0m  [["id", 7], ["LIMIT", 1]]
  ↳ app/controllers/users_controller.rb:19
Completed 404 Not Found in 15ms (ActiveRecord: 1.3ms)



ActiveRecord::RecordNotFound - Couldn't find User with 'id'=7:
  app/controllers/users_controller.rb:19:in `show'

Started POST "/__better_errors/468ba77729d2a207/variables" for 127.0.0.1 at 2018-12-21 17:32:06 -0500
Started GET "/users/1" for 127.0.0.1 at 2018-12-21 17:32:12 -0500
Processing by UsersController#show as HTML
  Parameters: {"id"=>"1"}
  [1m[36mUser Load (0.3ms)[0m  [1m[34mSELECT  "users".* FROM "users" WHERE "users"."id" = ? LIMIT ?[0m  [["id", 1], ["LIMIT", 1]]
  ↳ app/controllers/users_controller.rb:19
  Rendering users/show.html.erb within layouts/application
  Rendered users/show.html.erb within layouts/application (0.4ms)
Completed 200 OK in 64ms (Views: 50.9ms | ActiveRecord: 0.3ms)


